# JRE version: OpenJDK Runtime Environment Microsoft-8035246 (17.0.8+7) (build 17.0.8+7-LTS)
# Java VM: OpenJDK 64-Bit Server VM Microsoft-8035246 (17.0.8+7-LTS, mixed mode, sharing, tiered, compressed oops, compressed class ptrs, g1 gc, windows-amd64)
GC Precious Log:
 CPUs: 12 total, 12 available
 Memory: 23898M
 Large Page Support: Disabled
 NUMA Support: Disabled
 Compressed Oops: Enabled (32-bit)
 Heap Region Size: 1M
 Heap Min Capacity: 8M
 Heap Initial Capacity: 374M
 Heap Max Capacity: 2G
 Pre-touch: Disabled
 Parallel Workers: 10
 Concurrent Workers: 3
 Concurrent Refinement Workers: 10
 Periodic GC: Disabled
Heap:
 garbage-first heap   total 365568K, used 284191K [0x0000000080000000, 0x0000000100000000)
  region size 1024K, 121 young (123904K), 11 survivors (11264K)
 Metaspace       used 101585K, committed 102592K, reserved 557056K
  class space    used 14110K, committed 14592K, reserved 425984K
GC Heap History (20 events):
Event: 20.114 GC heap before
{Heap before GC invocations=42 (full 0):
 garbage-first heap   total 235520K, used 142682K [0x0000000080000000, 0x0000000100000000)
  region size 1024K, 11 young (11264K), 6 survivors (6144K)
 Metaspace       used 95785K, committed 96640K, reserved 557056K
  class space    used 13457K, committed 13824K, reserved 425984K
}
Event: 20.119 GC heap after
{Heap after GC invocations=43 (full 0):
 garbage-first heap   total 235520K, used 138029K [0x0000000080000000, 0x0000000100000000)
  region size 1024K, 2 young (2048K), 2 survivors (2048K)
 Metaspace       used 95785K, committed 96640K, reserved 557056K
  class space    used 13457K, committed 13824K, reserved 425984K
}
Event: 20.457 GC heap before
{Heap before GC invocations=43 (full 0):
 garbage-first heap   total 235520K, used 190253K [0x0000000080000000, 0x0000000100000000)
  region size 1024K, 54 young (55296K), 2 survivors (2048K)
 Metaspace       used 96881K, committed 97792K, reserved 557056K
  class space    used 13669K, committed 14080K, reserved 425984K
}
Event: 20.461 GC heap after
{Heap after GC invocations=44 (full 0):
 garbage-first heap   total 235520K, used 142748K [0x0000000080000000, 0x0000000100000000)
  region size 1024K, 6 young (6144K), 6 survivors (6144K)
 Metaspace       used 96881K, committed 97792K, reserved 557056K
  class space    used 13669K, committed 14080K, reserved 425984K
}
Event: 20.916 GC heap before
{Heap before GC invocations=45 (full 0):
 garbage-first heap   total 252928K, used 192924K [0x0000000080000000, 0x0000000100000000)
  region size 1024K, 56 young (57344K), 6 survivors (6144K)
 Metaspace       used 97537K, committed 98496K, reserved 557056K
  class space    used 13732K, committed 14144K, reserved 425984K
}
Event: 20.921 GC heap after
{Heap after GC invocations=46 (full 0):
 garbage-first heap   total 252928K, used 146634K [0x0000000080000000, 0x0000000100000000)
  region size 1024K, 5 young (5120K), 5 survivors (5120K)
 Metaspace       used 97537K, committed 98496K, reserved 557056K
  class space    used 13732K, committed 14144K, reserved 425984K
}
Event: 20.945 GC heap before
{Heap before GC invocations=46 (full 0):
 garbage-first heap   total 252928K, used 152778K [0x0000000080000000, 0x0000000100000000)
  region size 1024K, 12 young (12288K), 5 survivors (5120K)
 Metaspace       used 97541K, committed 98496K, reserved 557056K
  class space    used 13732K, committed 14144K, reserved 425984K
}
Event: 20.949 GC heap after
{Heap after GC invocations=47 (full 0):
 garbage-first heap   total 252928K, used 146986K [0x0000000080000000, 0x0000000100000000)
  region size 1024K, 2 young (2048K), 2 survivors (2048K)
 Metaspace       used 97541K, committed 98496K, reserved 557056K
  class space    used 13732K, committed 14144K, reserved 425984K
}
Event: 21.099 GC heap before
{Heap before GC invocations=47 (full 0):
 garbage-first heap   total 252928K, used 207402K [0x0000000080000000, 0x0000000100000000)
  region size 1024K, 61 young (62464K), 2 survivors (2048K)
 Metaspace       used 97650K, committed 98560K, reserved 557056K
  class space    used 13732K, committed 14144K, reserved 425984K
}
Event: 21.103 GC heap after
{Heap after GC invocations=48 (full 0):
 garbage-first heap   total 252928K, used 151219K [0x0000000080000000, 0x0000000100000000)
  region size 1024K, 7 young (7168K), 7 survivors (7168K)
 Metaspace       used 97650K, committed 98560K, reserved 557056K
  class space    used 13732K, committed 14144K, reserved 425984K
}
Event: 21.496 GC heap before
{Heap before GC invocations=48 (full 0):
 garbage-first heap   total 252928K, used 212659K [0x0000000080000000, 0x0000000100000000)
  region size 1024K, 63 young (64512K), 7 survivors (7168K)
 Metaspace       used 97658K, committed 98560K, reserved 557056K
  class space    used 13732K, committed 14144K, reserved 425984K
}
Event: 21.500 GC heap after
{Heap after GC invocations=49 (full 0):
 garbage-first heap   total 252928K, used 157866K [0x0000000080000000, 0x0000000100000000)
  region size 1024K, 5 young (5120K), 5 survivors (5120K)
 Metaspace       used 97658K, committed 98560K, reserved 557056K
  class space    used 13732K, committed 14144K, reserved 425984K
}
Event: 21.737 GC heap before
{Heap before GC invocations=49 (full 0):
 garbage-first heap   total 252928K, used 222378K [0x0000000080000000, 0x0000000100000000)
  region size 1024K, 57 young (58368K), 5 survivors (5120K)
 Metaspace       used 97784K, committed 98624K, reserved 557056K
  class space    used 13746K, committed 14144K, reserved 425984K
}
Event: 21.742 GC heap after
{Heap after GC invocations=50 (full 0):
 garbage-first heap   total 252928K, used 158971K [0x0000000080000000, 0x0000000100000000)
  region size 1024K, 7 young (7168K), 7 survivors (7168K)
 Metaspace       used 97784K, committed 98624K, reserved 557056K
  class space    used 13746K, committed 14144K, reserved 425984K
}
Event: 21.889 GC heap before
{Heap before GC invocations=50 (full 0):
 garbage-first heap   total 252928K, used 221435K [0x0000000080000000, 0x0000000100000000)
  region size 1024K, 57 young (58368K), 7 survivors (7168K)
 Metaspace       used 97819K, committed 98688K, reserved 557056K
  class space    used 13749K, committed 14144K, reserved 425984K
}
Event: 21.894 GC heap after
{Heap after GC invocations=51 (full 0):
 garbage-first heap   total 252928K, used 163623K [0x0000000080000000, 0x0000000100000000)
  region size 1024K, 6 young (6144K), 6 survivors (6144K)
 Metaspace       used 97819K, committed 98688K, reserved 557056K
  class space    used 13749K, committed 14144K, reserved 425984K
}
Event: 22.057 GC heap before
{Heap before GC invocations=51 (full 0):
 garbage-first heap   total 252928K, used 214823K [0x0000000080000000, 0x0000000100000000)
  region size 1024K, 53 young (54272K), 6 survivors (6144K)
 Metaspace       used 97966K, committed 98944K, reserved 557056K
  class space    used 13771K, committed 14208K, reserved 425984K
}
Event: 22.061 GC heap after
{Heap after GC invocations=52 (full 0):
 garbage-first heap   total 365568K, used 166848K [0x0000000080000000, 0x0000000100000000)
  region size 1024K, 5 young (5120K), 5 survivors (5120K)
 Metaspace       used 97966K, committed 98944K, reserved 557056K
  class space    used 13771K, committed 14208K, reserved 425984K
}
Event: 23.652 GC heap before
{Heap before GC invocations=52 (full 0):
 garbage-first heap   total 365568K, used 295872K [0x0000000080000000, 0x0000000100000000)
  region size 1024K, 119 young (121856K), 5 survivors (5120K)
 Metaspace       used 100157K, committed 101120K, reserved 557056K
  class space    used 13976K, committed 14400K, reserved 425984K
}
Event: 23.658 GC heap after
{Heap after GC invocations=53 (full 0):
 garbage-first heap   total 365568K, used 173600K [0x0000000080000000, 0x0000000100000000)
  region size 1024K, 11 young (11264K), 11 survivors (11264K)
 Metaspace       used 100157K, committed 101120K, reserved 557056K
  class space    used 13976K, committed 14400K, reserved 425984K
}

